{"level":"info","message":"Hello from Acquisitions","service":"acquisition-api"}
{"level":"info","message":"Hello from Acquisitions","service":"acquisition-api"}
{"level":"info","message":"Hello from Acquisitions","service":"acquisition-api"}
{"level":"info","message":"Hello from Acquisitions","service":"acquisition-api"}
{"level":"info","message":"Hello from Acquisitions","service":"acquisition-api"}
{"level":"info","message":"Hello from Acquisitions","service":"acquisition-api"}
{"level":"info","message":"Hello from Acquisitions","service":"acquisition-api"}
{"level":"info","message":"Hello from Acquisitions","service":"acquisition-api"}
{"level":"info","message":"Hello from Acquisitions","service":"acquisition-api"}
{"level":"info","message":"Hello from Acquisitions","service":"acquisition-api"}
{"level":"info","message":"Hello from Acquisitions","service":"acquisition-api"}
{"level":"info","message":"Hello from Acquisitions","service":"acquisition-api"}
{"level":"info","message":"::1 - - [26/Sep/2025:16:13:39 +0000] \"GET / HTTP/1.1\" 200 24 \"-\" \"Mozilla/5.0 (Macintosh; Intel Mac OS X 10_15_7) AppleWebKit/537.36 (KHTML, like Gecko) Chrome/140.0.0.0 Safari/537.36\"","service":"acquisition-api"}
{"level":"info","message":"Hello from Acquisitions","service":"acquisition-api"}
{"level":"info","message":"::1 - - [26/Sep/2025:17:56:08 +0000] \"GET / HTTP/1.1\" 304 - \"-\" \"Mozilla/5.0 (Macintosh; Intel Mac OS X 10_15_7) AppleWebKit/537.36 (KHTML, like Gecko) Chrome/140.0.0.0 Safari/537.36\"","service":"acquisition-api"}
{"level":"info","message":"Hello from Acquisitions","service":"acquisition-api"}
{"level":"info","message":"::1 - - [26/Sep/2025:17:56:08 +0000] \"GET / HTTP/1.1\" 304 - \"-\" \"Mozilla/5.0 (Macintosh; Intel Mac OS X 10_15_7) AppleWebKit/537.36 (KHTML, like Gecko) Chrome/140.0.0.0 Safari/537.36\"","service":"acquisition-api"}
{"level":"info","message":"::1 - - [26/Sep/2025:17:56:19 +0000] \"GET /api/sign-up HTTP/1.1\" 404 150 \"-\" \"Mozilla/5.0 (Macintosh; Intel Mac OS X 10_15_7) AppleWebKit/537.36 (KHTML, like Gecko) Chrome/140.0.0.0 Safari/537.36\"","service":"acquisition-api"}
{"level":"info","message":"::1 - - [26/Sep/2025:17:56:39 +0000] \"GET /api HTTP/1.1\" 200 44 \"-\" \"Mozilla/5.0 (Macintosh; Intel Mac OS X 10_15_7) AppleWebKit/537.36 (KHTML, like Gecko) Chrome/140.0.0.0 Safari/537.36\"","service":"acquisition-api"}
{"level":"info","message":"::1 - - [26/Sep/2025:17:56:57 +0000] \"GET /health HTTP/1.1\" 200 78 \"-\" \"Mozilla/5.0 (Macintosh; Intel Mac OS X 10_15_7) AppleWebKit/537.36 (KHTML, like Gecko) Chrome/140.0.0.0 Safari/537.36\"","service":"acquisition-api"}
{"level":"info","message":"::1 - - [26/Sep/2025:17:57:20 +0000] \"GET /api/auth/sign-up HTTP/1.1\" 404 155 \"-\" \"Mozilla/5.0 (Macintosh; Intel Mac OS X 10_15_7) AppleWebKit/537.36 (KHTML, like Gecko) Chrome/140.0.0.0 Safari/537.36\"","service":"acquisition-api"}
{"level":"info","message":"Hello from Acquisitions","service":"acquisition-api"}
{"level":"info","message":"::1 - - [26/Sep/2025:18:02:41 +0000] \"GET / HTTP/1.1\" 200 24 \"-\" \"PostmanRuntime/7.33.0\"","service":"acquisition-api"}
{"level":"info","message":"::1 - - [26/Sep/2025:18:04:45 +0000] \"POST /api/auth/sign-in HTTP/1.1\" 200 31 \"-\" \"PostmanRuntime/7.33.0\"","service":"acquisition-api"}
{"level":"info","message":"::1 - - [26/Sep/2025:18:58:15 +0000] \"POST /api/auth/sign-up HTTP/1.1\" 400 92 \"-\" \"PostmanRuntime/7.33.0\"","service":"acquisition-api"}
{"level":"info","message":"::1 - - [26/Sep/2025:19:01:59 +0000] \"POST /api/auth/sign-up HTTP/1.1\" 400 92 \"-\" \"PostmanRuntime/7.33.0\"","service":"acquisition-api"}
{"level":"info","message":"::1 - - [26/Sep/2025:19:02:19 +0000] \"POST /api/auth/sign-up HTTP/1.1\" 400 92 \"-\" \"PostmanRuntime/7.33.0\"","service":"acquisition-api"}
{"level":"info","message":"::1 - - [26/Sep/2025:19:02:49 +0000] \"POST /api/auth/sign-up HTTP/1.1\" 400 144 \"-\" \"PostmanRuntime/7.33.0\"","service":"acquisition-api"}
{"level":"info","message":"::1 - - [26/Sep/2025:19:03:52 +0000] \"POST /api/auth/sign-up HTTP/1.1\" 400 92 \"-\" \"PostmanRuntime/7.33.0\"","service":"acquisition-api"}
{"level":"info","message":"User registered successfully: jac.wynn@gmail.com","service":"acquisition-api"}
{"level":"info","message":"::1 - - [26/Sep/2025:19:04:06 +0000] \"POST /api/auth/sign-up HTTP/1.1\" 201 101 \"-\" \"PostmanRuntime/7.33.0\"","service":"acquisition-api"}
{"level":"error","message":"Error hashing the password: Error: data and salt arguments required","service":"acquisition-api"}
{"level":"error","message":"Error creating the user: Error: Error hashing","service":"acquisition-api"}
{"level":"error","message":"Signup Error Error hashing","service":"acquisition-api","stack":"Error: Error hashing\n    at hashPassword (file:///Users/wynnsolutions/Desktop/acquisitions/src/services/auth.service.js:12:11)\n    at process.processTicksAndRejections (node:internal/process/task_queues:105:5)\n    at async createUser (file:///Users/wynnsolutions/Desktop/acquisitions/src/services/auth.service.js:28:27)\n    at async signup (file:///Users/wynnsolutions/Desktop/acquisitions/src/controllers/auth.controller.js:22:18)"}
{"level":"info","message":"::1 - - [26/Sep/2025:19:30:47 +0000] \"POST /api/auth/sign-up HTTP/1.1\" 500 610 \"-\" \"PostmanRuntime/7.33.0\"","service":"acquisition-api"}
{"level":"error","message":"Error hashing the password: Error: data and salt arguments required","service":"acquisition-api"}
{"level":"error","message":"Error creating the user: Error: Error hashing","service":"acquisition-api"}
{"level":"error","message":"Signup Error Error hashing","service":"acquisition-api","stack":"Error: Error hashing\n    at hashPassword (file:///Users/wynnsolutions/Desktop/acquisitions/src/services/auth.service.js:12:11)\n    at process.processTicksAndRejections (node:internal/process/task_queues:105:5)\n    at async createUser (file:///Users/wynnsolutions/Desktop/acquisitions/src/services/auth.service.js:28:27)\n    at async signup (file:///Users/wynnsolutions/Desktop/acquisitions/src/controllers/auth.controller.js:22:18)"}
{"level":"info","message":"::1 - - [26/Sep/2025:20:43:25 +0000] \"POST /api/auth/sign-up HTTP/1.1\" 500 610 \"-\" \"PostmanRuntime/7.33.0\"","service":"acquisition-api"}
{"level":"info","message":"::1 - - [26/Sep/2025:20:44:19 +0000] \"POST /api/auth/sign-up HTTP/1.1\" 400 92 \"-\" \"PostmanRuntime/7.33.0\"","service":"acquisition-api"}
{"level":"error","message":"Error hashing the password: Error: data and salt arguments required","service":"acquisition-api"}
{"level":"error","message":"Error creating the user: Error: Error hashing","service":"acquisition-api"}
{"level":"error","message":"Signup Error Error hashing","service":"acquisition-api","stack":"Error: Error hashing\n    at hashPassword (file:///Users/wynnsolutions/Desktop/acquisitions/src/services/auth.service.js:12:11)\n    at process.processTicksAndRejections (node:internal/process/task_queues:105:5)\n    at async createUser (file:///Users/wynnsolutions/Desktop/acquisitions/src/services/auth.service.js:28:27)\n    at async signup (file:///Users/wynnsolutions/Desktop/acquisitions/src/controllers/auth.controller.js:22:18)"}
{"level":"info","message":"::1 - - [26/Sep/2025:20:44:46 +0000] \"POST /api/auth/sign-up HTTP/1.1\" 500 610 \"-\" \"PostmanRuntime/7.33.0\"","service":"acquisition-api"}
{"level":"error","message":"Error creating the user: TypeError: Cannot convert undefined or null to object","service":"acquisition-api"}
{"level":"error","message":"Signup Error Cannot convert undefined or null to object","service":"acquisition-api","stack":"TypeError: Cannot convert undefined or null to object\n    at Function.entries (<anonymous>)\n    at orderSelectedFields (file:///Users/wynnsolutions/Desktop/acquisitions/node_modules/drizzle-orm/utils.js:53:17)\n    at file:///Users/wynnsolutions/Desktop/acquisitions/node_modules/drizzle-orm/utils.js:63:22\n    at Array.reduce (<anonymous>)\n    at orderSelectedFields (file:///Users/wynnsolutions/Desktop/acquisitions/node_modules/drizzle-orm/utils.js:53:33)\n    at QueryPromise.returning (file:///Users/wynnsolutions/Desktop/acquisitions/node_modules/drizzle-orm/pg-core/query-builders/insert.js:75:29)\n    at createUser (file:///Users/wynnsolutions/Desktop/acquisitions/src/services/auth.service.js:33:8)\n    at signup (file:///Users/wynnsolutions/Desktop/acquisitions/src/controllers/auth.controller.js:22:24)\n    at Layer.handleRequest (/Users/wynnsolutions/Desktop/acquisitions/node_modules/router/lib/layer.js:152:17)\n    at next (/Users/wynnsolutions/Desktop/acquisitions/node_modules/router/lib/route.js:157:13)"}
{"level":"info","message":"::1 - - [26/Sep/2025:20:47:04 +0000] \"POST /api/auth/sign-up HTTP/1.1\" 500 1287 \"-\" \"PostmanRuntime/7.33.0\"","service":"acquisition-api"}
{"level":"error","message":"Error hashing the password: Error: data and salt arguments required","service":"acquisition-api"}
{"level":"error","message":"Error creating the user: Error: Error hashing","service":"acquisition-api"}
{"level":"error","message":"Signup Error Error hashing","service":"acquisition-api","stack":"Error: Error hashing\n    at hashPassword (file:///Users/wynnsolutions/Desktop/acquisitions/src/services/auth.service.js:12:11)\n    at process.processTicksAndRejections (node:internal/process/task_queues:105:5)\n    at async createUser (file:///Users/wynnsolutions/Desktop/acquisitions/src/services/auth.service.js:28:27)\n    at async signup (file:///Users/wynnsolutions/Desktop/acquisitions/src/controllers/auth.controller.js:22:18)"}
{"level":"info","message":"::1 - - [26/Sep/2025:20:48:26 +0000] \"POST /api/auth/sign-up HTTP/1.1\" 500 610 \"-\" \"PostmanRuntime/7.33.0\"","service":"acquisition-api"}
{"level":"error","message":"Error hashing the password: Error: data and salt arguments required","service":"acquisition-api"}
{"level":"error","message":"Error creating the user: Error: Error hashing","service":"acquisition-api"}
{"level":"error","message":"Signup Error Error hashing","service":"acquisition-api","stack":"Error: Error hashing\n    at hashPassword (file:///Users/wynnsolutions/Desktop/acquisitions/src/services/auth.service.js:12:11)\n    at process.processTicksAndRejections (node:internal/process/task_queues:105:5)\n    at async createUser (file:///Users/wynnsolutions/Desktop/acquisitions/src/services/auth.service.js:28:27)\n    at async signup (file:///Users/wynnsolutions/Desktop/acquisitions/src/controllers/auth.controller.js:22:18)"}
{"level":"info","message":"::1 - - [26/Sep/2025:20:48:59 +0000] \"POST /api/auth/sign-up HTTP/1.1\" 500 610 \"-\" \"PostmanRuntime/7.33.0\"","service":"acquisition-api"}
{"level":"error","message":"Error hashing the password: Error: data and salt arguments required","service":"acquisition-api"}
{"level":"error","message":"Error creating the user: Error: Error hashing","service":"acquisition-api"}
{"level":"error","message":"Signup Error Error hashing","service":"acquisition-api","stack":"Error: Error hashing\n    at hashPassword (file:///Users/wynnsolutions/Desktop/acquisitions/src/services/auth.service.js:12:11)\n    at process.processTicksAndRejections (node:internal/process/task_queues:105:5)\n    at async createUser (file:///Users/wynnsolutions/Desktop/acquisitions/src/services/auth.service.js:28:27)\n    at async signup (file:///Users/wynnsolutions/Desktop/acquisitions/src/controllers/auth.controller.js:22:18)"}
{"level":"info","message":"::1 - - [26/Sep/2025:20:49:31 +0000] \"POST /api/auth/sign-up HTTP/1.1\" 500 610 \"-\" \"PostmanRuntime/7.33.0\"","service":"acquisition-api"}
{"level":"error","message":"Error hashing the password: Error: data and salt arguments required","service":"acquisition-api"}
{"level":"error","message":"Error creating the user: Error: Error hashing","service":"acquisition-api"}
{"level":"error","message":"Signup Error Error hashing","service":"acquisition-api","stack":"Error: Error hashing\n    at hashPassword (file:///Users/wynnsolutions/Desktop/acquisitions/src/services/auth.service.js:12:11)\n    at process.processTicksAndRejections (node:internal/process/task_queues:105:5)\n    at async createUser (file:///Users/wynnsolutions/Desktop/acquisitions/src/services/auth.service.js:29:27)\n    at async signup (file:///Users/wynnsolutions/Desktop/acquisitions/src/controllers/auth.controller.js:22:18)"}
{"level":"info","message":"::1 - - [26/Sep/2025:20:52:07 +0000] \"POST /api/auth/sign-up HTTP/1.1\" 500 610 \"-\" \"PostmanRuntime/7.33.0\"","service":"acquisition-api"}
{"level":"error","message":"Error hashing the password: Error: data and salt arguments required","service":"acquisition-api"}
{"level":"error","message":"Error creating the user: Error: Error hashing","service":"acquisition-api"}
{"level":"error","message":"Signup Error Error hashing","service":"acquisition-api","stack":"Error: Error hashing\n    at hashPassword (file:///Users/wynnsolutions/Desktop/acquisitions/src/services/auth.service.js:12:11)\n    at process.processTicksAndRejections (node:internal/process/task_queues:105:5)\n    at async createUser (file:///Users/wynnsolutions/Desktop/acquisitions/src/services/auth.service.js:29:27)\n    at async signup (file:///Users/wynnsolutions/Desktop/acquisitions/src/controllers/auth.controller.js:23:18)"}
{"level":"info","message":"::1 - - [26/Sep/2025:20:53:13 +0000] \"POST /api/auth/sign-up HTTP/1.1\" 500 610 \"-\" \"PostmanRuntime/7.33.0\"","service":"acquisition-api"}
{"level":"error","message":"Error hashing the password: Error: data and salt arguments required","service":"acquisition-api"}
{"level":"error","message":"Error creating the user: Error: Error hashing","service":"acquisition-api"}
{"level":"error","message":"Signup Error Error hashing","service":"acquisition-api","stack":"Error: Error hashing\n    at hashPassword (file:///Users/wynnsolutions/Desktop/acquisitions/src/services/auth.service.js:12:11)\n    at process.processTicksAndRejections (node:internal/process/task_queues:105:5)\n    at async createUser (file:///Users/wynnsolutions/Desktop/acquisitions/src/services/auth.service.js:29:27)\n    at async signup (file:///Users/wynnsolutions/Desktop/acquisitions/src/controllers/auth.controller.js:23:18)"}
{"level":"info","message":"::1 - - [26/Sep/2025:20:53:25 +0000] \"POST /api/auth/sign-up HTTP/1.1\" 500 610 \"-\" \"PostmanRuntime/7.33.0\"","service":"acquisition-api"}
{"level":"error","message":"Error hashing the password: Error: data and salt arguments required","service":"acquisition-api"}
{"level":"error","message":"Error creating the user: Error: Error hashing","service":"acquisition-api"}
{"level":"error","message":"Signup Error Error hashing","service":"acquisition-api","stack":"Error: Error hashing\n    at hashPassword (file:///Users/wynnsolutions/Desktop/acquisitions/src/services/auth.service.js:12:11)\n    at process.processTicksAndRejections (node:internal/process/task_queues:105:5)\n    at async createUser (file:///Users/wynnsolutions/Desktop/acquisitions/src/services/auth.service.js:30:27)\n    at async signup (file:///Users/wynnsolutions/Desktop/acquisitions/src/controllers/auth.controller.js:22:18)"}
{"level":"info","message":"::1 - - [26/Sep/2025:20:54:56 +0000] \"POST /api/auth/sign-up HTTP/1.1\" 500 610 \"-\" \"PostmanRuntime/7.33.0\"","service":"acquisition-api"}
{"level":"error","message":"Error hashing the password: Error: data and salt arguments required","service":"acquisition-api"}
{"level":"error","message":"Error creating the user: Error: Error hashing","service":"acquisition-api"}
{"level":"error","message":"Signup Error Error hashing","service":"acquisition-api","stack":"Error: Error hashing\n    at hashPassword (file:///Users/wynnsolutions/Desktop/acquisitions/src/services/auth.service.js:12:11)\n    at process.processTicksAndRejections (node:internal/process/task_queues:105:5)\n    at async createUser (file:///Users/wynnsolutions/Desktop/acquisitions/src/services/auth.service.js:30:27)\n    at async signup (file:///Users/wynnsolutions/Desktop/acquisitions/src/controllers/auth.controller.js:22:18)"}
{"level":"info","message":"::1 - - [26/Sep/2025:20:56:24 +0000] \"POST /api/auth/sign-up HTTP/1.1\" 500 610 \"-\" \"PostmanRuntime/7.33.0\"","service":"acquisition-api"}
{"level":"error","message":"Error hashing the password: Error: data and salt arguments required","service":"acquisition-api"}
{"level":"error","message":"Error creating the user: Error: Error hashing","service":"acquisition-api"}
{"level":"error","message":"Signup Error Error hashing","service":"acquisition-api","stack":"Error: Error hashing\n    at hashPassword (file:///Users/wynnsolutions/Desktop/acquisitions/src/services/auth.service.js:12:11)\n    at process.processTicksAndRejections (node:internal/process/task_queues:105:5)\n    at async createUser (file:///Users/wynnsolutions/Desktop/acquisitions/src/services/auth.service.js:30:27)\n    at async signup (file:///Users/wynnsolutions/Desktop/acquisitions/src/controllers/auth.controller.js:22:18)"}
{"level":"info","message":"::1 - - [26/Sep/2025:20:56:29 +0000] \"POST /api/auth/sign-up HTTP/1.1\" 500 610 \"-\" \"PostmanRuntime/7.33.0\"","service":"acquisition-api"}
{"level":"error","message":"Error hashing the password: Error: data and salt arguments required","service":"acquisition-api"}
{"level":"error","message":"Error creating the user: Error: Error hashing","service":"acquisition-api"}
{"level":"error","message":"Signup Error Error hashing","service":"acquisition-api","stack":"Error: Error hashing\n    at hashPassword (file:///Users/wynnsolutions/Desktop/acquisitions/src/services/auth.service.js:12:11)\n    at process.processTicksAndRejections (node:internal/process/task_queues:105:5)\n    at async createUser (file:///Users/wynnsolutions/Desktop/acquisitions/src/services/auth.service.js:30:27)\n    at async signup (file:///Users/wynnsolutions/Desktop/acquisitions/src/controllers/auth.controller.js:22:18)"}
{"level":"info","message":"::1 - - [26/Sep/2025:20:56:54 +0000] \"POST /api/auth/sign-up HTTP/1.1\" 500 610 \"-\" \"PostmanRuntime/7.33.0\"","service":"acquisition-api"}
{"level":"error","message":"Error hashing the password: Error: data and salt arguments required","service":"acquisition-api"}
{"level":"error","message":"Error creating the user: Error: Error hashing","service":"acquisition-api"}
{"level":"error","message":"Signup Error Error hashing","service":"acquisition-api","stack":"Error: Error hashing\n    at hashPassword (file:///Users/wynnsolutions/Desktop/acquisitions/src/services/auth.service.js:12:11)\n    at process.processTicksAndRejections (node:internal/process/task_queues:105:5)\n    at async createUser (file:///Users/wynnsolutions/Desktop/acquisitions/src/services/auth.service.js:30:27)\n    at async signup (file:///Users/wynnsolutions/Desktop/acquisitions/src/controllers/auth.controller.js:26:18)"}
{"level":"info","message":"::1 - - [26/Sep/2025:20:58:06 +0000] \"POST /api/auth/sign-up HTTP/1.1\" 500 610 \"-\" \"PostmanRuntime/7.33.0\"","service":"acquisition-api"}
{"level":"error","message":"Error hashing the password: Error: data and salt arguments required","service":"acquisition-api"}
{"level":"error","message":"Error creating the user: Error: Error hashing","service":"acquisition-api"}
{"level":"error","message":"Signup Error Error hashing","service":"acquisition-api","stack":"Error: Error hashing\n    at hashPassword (file:///Users/wynnsolutions/Desktop/acquisitions/src/services/auth.service.js:12:11)\n    at process.processTicksAndRejections (node:internal/process/task_queues:105:5)\n    at async createUser (file:///Users/wynnsolutions/Desktop/acquisitions/src/services/auth.service.js:30:27)\n    at async signup (file:///Users/wynnsolutions/Desktop/acquisitions/src/controllers/auth.controller.js:26:18)"}
{"level":"info","message":"::1 - - [26/Sep/2025:20:58:12 +0000] \"POST /api/auth/sign-up HTTP/1.1\" 500 610 \"-\" \"PostmanRuntime/7.33.0\"","service":"acquisition-api"}
{"level":"error","message":"Error creating the user: TypeError: Cannot convert undefined or null to object","service":"acquisition-api"}
{"level":"error","message":"Signup Error Cannot convert undefined or null to object","service":"acquisition-api","stack":"TypeError: Cannot convert undefined or null to object\n    at Function.entries (<anonymous>)\n    at orderSelectedFields (file:///Users/wynnsolutions/Desktop/acquisitions/node_modules/drizzle-orm/utils.js:53:17)\n    at file:///Users/wynnsolutions/Desktop/acquisitions/node_modules/drizzle-orm/utils.js:63:22\n    at Array.reduce (<anonymous>)\n    at orderSelectedFields (file:///Users/wynnsolutions/Desktop/acquisitions/node_modules/drizzle-orm/utils.js:53:33)\n    at QueryPromise.returning (file:///Users/wynnsolutions/Desktop/acquisitions/node_modules/drizzle-orm/pg-core/query-builders/insert.js:75:29)\n    at createUser (file:///Users/wynnsolutions/Desktop/acquisitions/src/services/auth.service.js:35:8)\n    at async signup (file:///Users/wynnsolutions/Desktop/acquisitions/src/controllers/auth.controller.js:26:18)"}
{"level":"info","message":"::1 - - [26/Sep/2025:21:03:48 +0000] \"POST /api/auth/sign-up HTTP/1.1\" 500 1060 \"-\" \"PostmanRuntime/7.33.0\"","service":"acquisition-api"}
{"level":"error","message":"Error creating the user: TypeError: Cannot convert undefined or null to object","service":"acquisition-api"}
{"level":"error","message":"Signup Error Cannot convert undefined or null to object","service":"acquisition-api","stack":"TypeError: Cannot convert undefined or null to object\n    at Function.entries (<anonymous>)\n    at orderSelectedFields (file:///Users/wynnsolutions/Desktop/acquisitions/node_modules/drizzle-orm/utils.js:53:17)\n    at file:///Users/wynnsolutions/Desktop/acquisitions/node_modules/drizzle-orm/utils.js:63:22\n    at Array.reduce (<anonymous>)\n    at orderSelectedFields (file:///Users/wynnsolutions/Desktop/acquisitions/node_modules/drizzle-orm/utils.js:53:33)\n    at QueryPromise.returning (file:///Users/wynnsolutions/Desktop/acquisitions/node_modules/drizzle-orm/pg-core/query-builders/insert.js:75:29)\n    at createUser (file:///Users/wynnsolutions/Desktop/acquisitions/src/services/auth.service.js:34:8)\n    at async signup (file:///Users/wynnsolutions/Desktop/acquisitions/src/controllers/auth.controller.js:22:18)"}
{"level":"info","message":"::1 - - [26/Sep/2025:21:04:52 +0000] \"POST /api/auth/sign-up HTTP/1.1\" 500 1060 \"-\" \"PostmanRuntime/7.33.0\"","service":"acquisition-api"}
{"level":"error","message":"Error creating the user: TypeError: Cannot convert undefined or null to object","service":"acquisition-api"}
{"level":"error","message":"Signup Error Cannot convert undefined or null to object","service":"acquisition-api","stack":"TypeError: Cannot convert undefined or null to object\n    at Function.entries (<anonymous>)\n    at orderSelectedFields (file:///Users/wynnsolutions/Desktop/acquisitions/node_modules/drizzle-orm/utils.js:53:17)\n    at file:///Users/wynnsolutions/Desktop/acquisitions/node_modules/drizzle-orm/utils.js:63:22\n    at Array.reduce (<anonymous>)\n    at orderSelectedFields (file:///Users/wynnsolutions/Desktop/acquisitions/node_modules/drizzle-orm/utils.js:53:33)\n    at QueryPromise.returning (file:///Users/wynnsolutions/Desktop/acquisitions/node_modules/drizzle-orm/pg-core/query-builders/insert.js:75:29)\n    at createUser (file:///Users/wynnsolutions/Desktop/acquisitions/src/services/auth.service.js:34:8)\n    at async signup (file:///Users/wynnsolutions/Desktop/acquisitions/src/controllers/auth.controller.js:22:18)"}
{"level":"info","message":"::1 - - [26/Sep/2025:21:08:17 +0000] \"POST /api/auth/sign-up HTTP/1.1\" 500 1060 \"-\" \"PostmanRuntime/7.33.0\"","service":"acquisition-api"}
{"level":"info","message":"User jacwynn@gmail.com created successfully","service":"acquisition-api"}
{"level":"info","message":"User registered successfully: jacwynn@gmail.com","service":"acquisition-api"}
{"level":"info","message":"::1 - - [26/Sep/2025:21:14:18 +0000] \"POST /api/auth/sign-up HTTP/1.1\" 201 102 \"-\" \"PostmanRuntime/7.33.0\"","service":"acquisition-api"}
{"level":"error","message":"Error creating the user: Error: Failed query: insert into \"users\" (\"id\", \"name\", \"email\", \"password\", \"role\", \"createdAt\", \"updatedAt\") values (default, $1, $2, $3, $4, default, default) returning \"id\", \"name\", \"email\", \"role\", \"createdAt\"\nparams: Carter W,jacwynn@gmail.com,$2b$10$EbQRi9yX53I1K/GN7YnOT.kuBblDVBM0pox.B6YSAKPcA3WWS0kwO,admin","service":"acquisition-api"}
{"cause":{"code":"23505","constraint":"users_email_unique","detail":"Key (email)=(jacwynn@gmail.com) already exists.","file":"nbtinsert.c","line":"666","name":"NeonDbError","routine":"_bt_check_unique","schema":"public","severity":"ERROR","table":"users"},"level":"error","message":"Signup Error Failed query: insert into \"users\" (\"id\", \"name\", \"email\", \"password\", \"role\", \"createdAt\", \"updatedAt\") values (default, $1, $2, $3, $4, default, default) returning \"id\", \"name\", \"email\", \"role\", \"createdAt\"\nparams: Carter W,jacwynn@gmail.com,$2b$10$EbQRi9yX53I1K/GN7YnOT.kuBblDVBM0pox.B6YSAKPcA3WWS0kwO,admin","params":["Carter W","jacwynn@gmail.com","$2b$10$EbQRi9yX53I1K/GN7YnOT.kuBblDVBM0pox.B6YSAKPcA3WWS0kwO","admin"],"query":"insert into \"users\" (\"id\", \"name\", \"email\", \"password\", \"role\", \"createdAt\", \"updatedAt\") values (default, $1, $2, $3, $4, default, default) returning \"id\", \"name\", \"email\", \"role\", \"createdAt\"","service":"acquisition-api","stack":"Error: Failed query: insert into \"users\" (\"id\", \"name\", \"email\", \"password\", \"role\", \"createdAt\", \"updatedAt\") values (default, $1, $2, $3, $4, default, default) returning \"id\", \"name\", \"email\", \"role\", \"createdAt\"\nparams: Carter W,jacwynn@gmail.com,$2b$10$EbQRi9yX53I1K/GN7YnOT.kuBblDVBM0pox.B6YSAKPcA3WWS0kwO,admin\n    at NeonHttpPreparedQuery.queryWithCache (file:///Users/wynnsolutions/Desktop/acquisitions/node_modules/drizzle-orm/pg-core/session.js:41:15)\n    at process.processTicksAndRejections (node:internal/process/task_queues:105:5)\n    at async NeonHttpPreparedQuery.execute (file:///Users/wynnsolutions/Desktop/acquisitions/node_modules/drizzle-orm/neon-http/session.js:45:20)\n    at async createUser (file:///Users/wynnsolutions/Desktop/acquisitions/src/services/auth.service.js:31:23)\n    at async signup (file:///Users/wynnsolutions/Desktop/acquisitions/src/controllers/auth.controller.js:22:18)"}
{"level":"info","message":"::1 - - [26/Sep/2025:21:15:10 +0000] \"POST /api/auth/sign-up HTTP/1.1\" 500 1237 \"-\" \"PostmanRuntime/7.33.0\"","service":"acquisition-api"}
{"level":"info","message":"User jacwynnjr@gmail.com created successfully","service":"acquisition-api"}
{"level":"info","message":"User registered successfully: jacwynnjr@gmail.com","service":"acquisition-api"}
{"level":"info","message":"::1 - - [26/Sep/2025:21:15:50 +0000] \"POST /api/auth/sign-up HTTP/1.1\" 201 108 \"-\" \"PostmanRuntime/7.33.0\"","service":"acquisition-api"}
{"level":"info","message":"::1 - - [26/Sep/2025:22:26:26 +0000] \"POST /api/auth/sign-in HTTP/1.1\" 200 31 \"-\" \"PostmanRuntime/7.33.0\"","service":"acquisition-api"}
{"level":"info","message":"User jacwynnjr@gmail.com authenticated successfully","service":"acquisition-api"}
{"level":"info","message":"User signed in successfully: jacwynnjr@gmail.com","service":"acquisition-api"}
{"level":"info","message":"::1 - - [26/Sep/2025:22:28:54 +0000] \"POST /api/auth/sign-in HTTP/1.1\" 200 120 \"-\" \"PostmanRuntime/7.33.0\"","service":"acquisition-api"}
{"level":"info","message":"User signed out successfully","service":"acquisition-api"}
{"level":"info","message":"::1 - - [26/Sep/2025:22:29:03 +0000] \"POST /api/auth/sign-out HTTP/1.1\" 200 42 \"-\" \"PostmanRuntime/7.33.0\"","service":"acquisition-api"}
{"ip":"::1","level":"warn","message":"Bot request blocked","path":"/health","service":"acquisition-api","userAgent":"PostmanRuntime/7.33.0"}
{"level":"info","message":"::1 - - [27/Sep/2025:03:05:48 +0000] \"GET /health HTTP/1.1\" 403 68 \"-\" \"PostmanRuntime/7.33.0\"","service":"acquisition-api"}
{"ip":"::1","level":"warn","message":"Bot request blocked","path":"/health","service":"acquisition-api","userAgent":"PostmanRuntime/7.33.0"}
{"level":"info","message":"::1 - - [27/Sep/2025:03:07:04 +0000] \"GET /health HTTP/1.1\" 403 68 \"-\" \"PostmanRuntime/7.33.0\"","service":"acquisition-api"}
{"ip":"::1","level":"warn","message":"Bot request blocked","path":"/api","service":"acquisition-api","userAgent":"PostmanRuntime/7.33.0"}
{"level":"info","message":"::1 - - [27/Sep/2025:03:07:10 +0000] \"GET /api HTTP/1.1\" 403 68 \"-\" \"PostmanRuntime/7.33.0\"","service":"acquisition-api"}
{"ip":"::1","level":"warn","message":"Bot request blocked","path":"/","service":"acquisition-api","userAgent":"Mozilla/5.0 (Macintosh; Intel Mac OS X 10_15_7) AppleWebKit/537.36 (KHTML, like Gecko) Chrome/140.0.0.0 Safari/537.36"}
{"level":"info","message":"::1 - - [27/Sep/2025:03:07:23 +0000] \"GET / HTTP/1.1\" 403 68 \"-\" \"Mozilla/5.0 (Macintosh; Intel Mac OS X 10_15_7) AppleWebKit/537.36 (KHTML, like Gecko) Chrome/140.0.0.0 Safari/537.36\"","service":"acquisition-api"}
{"level":"info","message":"::1 - - [27/Sep/2025:03:15:10 +0000] \"GET /api HTTP/1.1\" 200 44 \"-\" \"PostmanRuntime/7.33.0\"","service":"acquisition-api"}
{"level":"info","message":"::1 - - [27/Sep/2025:03:15:34 +0000] \"GET /health HTTP/1.1\" 200 76 \"-\" \"PostmanRuntime/7.33.0\"","service":"acquisition-api"}
{"level":"info","message":"::1 - - [27/Sep/2025:03:15:55 +0000] \"GET /health HTTP/1.1\" 200 76 \"-\" \"PostmanRuntime/7.33.0\"","service":"acquisition-api"}
{"level":"info","message":"::1 - - [27/Sep/2025:03:15:56 +0000] \"GET /health HTTP/1.1\" 200 76 \"-\" \"PostmanRuntime/7.33.0\"","service":"acquisition-api"}
{"level":"info","message":"::1 - - [27/Sep/2025:03:15:56 +0000] \"GET /health HTTP/1.1\" 200 76 \"-\" \"PostmanRuntime/7.33.0\"","service":"acquisition-api"}
{"ip":"::1","level":"warn","message":"Rate limit exceeded","method":"GET","path":"/health","service":"acquisition-api","userAgent":"PostmanRuntime/7.33.0"}
{"level":"info","message":"::1 - - [27/Sep/2025:03:15:57 +0000] \"GET /health HTTP/1.1\" 403 51 \"-\" \"PostmanRuntime/7.33.0\"","service":"acquisition-api"}
